<?xml version="1.0" encoding="UTF-8"?>
<testng-results ignored="0" total="2" passed="2" failed="0" skipped="0">
  <reporter-output>
  </reporter-output>
  <suite started-at="2021-12-05T01:20:57 EET" name="Default suite" finished-at="2021-12-05T01:21:22 EET" duration-ms="25313">
    <groups>
    </groups>
    <test started-at="2021-12-05T01:20:57 EET" name="Default test" finished-at="2021-12-05T01:21:22 EET" duration-ms="25313">
      <class name="demopro.AddUsertest">
        <test-method is-config="true" signature="SetUp()[pri:0, instance:demopro.AddUsertest@4d02f94e]" started-at="2021-12-05T01:20:55 EET" name="SetUp" finished-at="2021-12-05T01:20:57 EET" duration-ms="1719" status="PASS">
          <reporter-output>
          </reporter-output>
        </test-method> <!-- SetUp -->
        <test-method signature="login()[pri:0, instance:demopro.AddUsertest@4d02f94e]" started-at="2021-12-05T01:20:57 EET" name="login" finished-at="2021-12-05T01:21:02 EET" duration-ms="4972" status="PASS">
          <reporter-output>
          </reporter-output>
        </test-method> <!-- login -->
        <test-method signature="Addusers()[pri:1, instance:demopro.AddUsertest@4d02f94e]" started-at="2021-12-05T01:21:02 EET" name="Addusers" finished-at="2021-12-05T01:21:22 EET" duration-ms="20310" status="PASS">
          <reporter-output>
          </reporter-output>
        </test-method> <!-- Addusers -->
        <test-method is-config="true" signature="quite()[pri:0, instance:demopro.AddUsertest@4d02f94e]" started-at="2021-12-05T01:21:22 EET" name="quite" finished-at="2021-12-05T01:21:22 EET" duration-ms="234" status="PASS">
          <reporter-output>
          </reporter-output>
        </test-method> <!-- quite -->
      </class> <!-- demopro.AddUsertest -->
    </test> <!-- Default test -->
  </suite> <!-- Default suite -->
</testng-results>
